<?xml version="1.0" encoding="UTF-8"?>
<!-- Generated by org.testng.reporters.JUnitReportReporter -->
<testsuite hostname="Praveen" failures="0" tests="5" name="testNG.PriorityExecutionOfAnotations" time="0.006" errors="0" timestamp="2022-03-21T13:24:26 IST" skipped="0">
  <testcase classname="testNG.PriorityExecutionOfAnotations" name="Chat" time="0.001"/>
  <system-out>
    <![CDATA[Chat]]>
  </system-out>
  <testcase classname="testNG.PriorityExecutionOfAnotations" name="settings" time="0.002"/>
  <system-out>
    <![CDATA[Settings]]>
  </system-out>
  <testcase classname="testNG.PriorityExecutionOfAnotations" name="settings" time="0.002"/>
  <system-out>
    <![CDATA[Settings]]>
  </system-out>
  <testcase classname="testNG.PriorityExecutionOfAnotations" name="settings" time="0.001"/>
  <system-out>
    <![CDATA[Settings]]>
  </system-out>
  <testcase classname="testNG.PriorityExecutionOfAnotations" name="calls" time="0.000"/>
  <system-out>
    <![CDATA[Calls]]>
  </system-out>
</testsuite> <!-- testNG.PriorityExecutionOfAnotations -->
