<?xml version="1.0" encoding="UTF-8"?>
<!-- Generated by org.testng.reporters.JUnitReportReporter -->
<testsuite hostname="Praveen" failures="0" tests="1" name="testNG.BasicTestNGReport" time="0.010" errors="0" timestamp="2022-03-21T13:24:26 IST" skipped="0">
  <testcase classname="testNG.BasicTestNGReport" name="demo" time="0.010"/>
  <system-out>
    <![CDATA[Selenium]]>
  </system-out>
</testsuite> <!-- testNG.BasicTestNGReport -->
